android/app/build/intermediates/manifest_merge_blame_file/release/manifest-merger-blame-release-report.txt
1<?xml version="1.0" encoding="utf-8"?>
2<manifest xmlns:android="http://schemas.android.com/apk/res/android"
3    package="com.Juliuawr.sb"
4    android:versionCode="1"
5    android:versionName="1.0" >
6
7    <uses-sdk
8        android:minSdkVersion="21"
8-->src\main\AndroidManifest.xml
9        android:targetSdkVersion="30" />
9-->src\main\AndroidManifest.xml
10
11    <!-- Permissions -->
12
13    <uses-permission android:name="android.permission.INTERNET" />
13-->src\main\AndroidManifest.xml:40:5-67
13-->src\main\AndroidManifest.xml:40:22-64
14
15    <application
15-->src\main\AndroidManifest.xml:5:5-36:19
16        android:allowBackup="true"
16-->src\main\AndroidManifest.xml:6:9-35
17        android:appComponentFactory="androidx.core.app.CoreComponentFactory"
17-->[androidx.core:core:1.3.2] AndroidManifest.xml:24:18-86
18        android:icon="@mipmap/ic_launcher"
18-->src\main\AndroidManifest.xml:7:9-43
19        android:label="@string/app_name"
19-->src\main\AndroidManifest.xml:8:9-41
20        android:roundIcon="@mipmap/ic_launcher_round"
20-->src\main\AndroidManifest.xml:9:9-54
21        android:supportsRtl="true"
21-->src\main\AndroidManifest.xml:10:9-35
22        android:theme="@style/AppTheme" >
22-->src\main\AndroidManifest.xml:11:9-40
23        <activity
23-->src\main\AndroidManifest.xml:13:9-25:20
24            android:name="com.Juliuawr.sb.MainActivity"
24-->src\main\AndroidManifest.xml:15:13-56
25            android:configChanges="orientation|keyboardHidden|keyboard|screenSize|locale|smallestScreenSize|screenLayout|uiMode"
25-->src\main\AndroidManifest.xml:14:13-129
26            android:label="@string/title_activity_main"
26-->src\main\AndroidManifest.xml:16:13-56
27            android:launchMode="singleTask"
27-->src\main\AndroidManifest.xml:18:13-44
28            android:theme="@style/AppTheme.NoActionBarLaunch" >
28-->src\main\AndroidManifest.xml:17:13-62
29            <intent-filter>
29-->src\main\AndroidManifest.xml:20:13-23:29
30                <action android:name="android.intent.action.MAIN" />
30-->src\main\AndroidManifest.xml:21:17-69
30-->src\main\AndroidManifest.xml:21:25-66
31
32                <category android:name="android.intent.category.LAUNCHER" />
32-->src\main\AndroidManifest.xml:22:17-77
32-->src\main\AndroidManifest.xml:22:27-74
33            </intent-filter>
34        </activity>
35
36        <provider
37            android:name="androidx.core.content.FileProvider"
37-->src\main\AndroidManifest.xml:28:13-62
38            android:authorities="com.Juliuawr.sb.fileprovider"
38-->src\main\AndroidManifest.xml:29:13-64
39            android:exported="false"
39-->src\main\AndroidManifest.xml:30:13-37
40            android:grantUriPermissions="true" >
40-->src\main\AndroidManifest.xml:31:13-47
41            <meta-data
41-->src\main\AndroidManifest.xml:32:13-34:64
42                android:name="android.support.FILE_PROVIDER_PATHS"
42-->src\main\AndroidManifest.xml:33:17-67
43                android:resource="@xml/file_paths" />
43-->src\main\AndroidManifest.xml:34:17-51
44        </provider>
45    </application>
46
47</manifest>